This is pdfTeX, Version 3.1415926-2.5-1.40.14 (MiKTeX 2.9) (preloaded format=pdflatex 2015.2.1)  7 JUN 2015 11:42
entering extended mode
**coagulation.tex
("C:\Users\Francesco\Documents\BMC version-12-02-2013\coagulation.tex"
LaTeX2e <2011/06/27>
Babel <v3.8m> and hyphenation patterns for english, afrikaans, ancientgreek, ar
abic, armenian, assamese, basque, bengali, bokmal, bulgarian, catalan, coptic, 
croatian, czech, danish, dutch, esperanto, estonian, farsi, finnish, french, ga
lician, german, german-x-2013-05-26, greek, gujarati, hindi, hungarian, iceland
ic, indonesian, interlingua, irish, italian, kannada, kurmanji, latin, latvian,
 lithuanian, malayalam, marathi, mongolian, mongolianlmc, monogreek, ngerman, n
german-x-2013-05-26, nynorsk, oriya, panjabi, pinyin, polish, portuguese, roman
ian, russian, sanskrit, serbian, slovak, slovenian, spanish, swedish, swissgerm
an, tamil, telugu, turkish, turkmen, ukenglish, ukrainian, uppersorbian, usengl
ishmax, welsh, loaded.
("C:\Users\Francesco\Documents\BMC version-12-02-2013\bmc_article.cls"
Document Class: bmc_article 2003/09/01 v1.01 BioMed Central article class
("C:\Program Files (x86)\MiKTeX 2.9\tex\latex\base\article.cls"
Document Class: article 2007/10/19 v1.4h Standard LaTeX document class
("C:\Program Files (x86)\MiKTeX 2.9\tex\latex\base\size10.clo"
File: size10.clo 2007/10/19 v1.4h Standard LaTeX file (size option)
)
\c@part=\count79
\c@section=\count80
\c@subsection=\count81
\c@subsubsection=\count82
\c@paragraph=\count83
\c@subparagraph=\count84
\c@figure=\count85
\c@table=\count86
\abovecaptionskip=\skip41
\belowcaptionskip=\skip42
\bibindent=\dimen102
)
\c@bmc@correspondingauthor=\count87
\c@bmc@emailcounter=\count88
)
("C:\Program Files (x86)\MiKTeX 2.9\tex\latex\amsmath\amsmath.sty"
Package: amsmath 2013/01/14 v2.14 AMS math features
\@mathmargin=\skip43

For additional information on amsmath, use the `?' option.
("C:\Program Files (x86)\MiKTeX 2.9\tex\latex\amsmath\amstext.sty"
Package: amstext 2000/06/29 v2.01

("C:\Program Files (x86)\MiKTeX 2.9\tex\latex\amsmath\amsgen.sty"
File: amsgen.sty 1999/11/30 v2.0
\@emptytoks=\toks14
\ex@=\dimen103
))
("C:\Program Files (x86)\MiKTeX 2.9\tex\latex\amsmath\amsbsy.sty"
Package: amsbsy 1999/11/29 v1.2d
\pmbraise@=\dimen104
)
("C:\Program Files (x86)\MiKTeX 2.9\tex\latex\amsmath\amsopn.sty"
Package: amsopn 1999/12/14 v2.01 operator names
)
\inf@bad=\count89
LaTeX Info: Redefining \frac on input line 210.
\uproot@=\count90
\leftroot@=\count91
LaTeX Info: Redefining \overline on input line 306.
\classnum@=\count92
\DOTSCASE@=\count93
LaTeX Info: Redefining \ldots on input line 378.
LaTeX Info: Redefining \dots on input line 381.
LaTeX Info: Redefining \cdots on input line 466.
\Mathstrutbox@=\box26
\strutbox@=\box27
\big@size=\dimen105
LaTeX Font Info:    Redeclaring font encoding OML on input line 566.
LaTeX Font Info:    Redeclaring font encoding OMS on input line 567.
\macc@depth=\count94
\c@MaxMatrixCols=\count95
\dotsspace@=\muskip10
\c@parentequation=\count96
\dspbrk@lvl=\count97
\tag@help=\toks15
\row@=\count98
\column@=\count99
\maxfields@=\count100
\andhelp@=\toks16
\eqnshift@=\dimen106
\alignsep@=\dimen107
\tagshift@=\dimen108
\tagwidth@=\dimen109
\totwidth@=\dimen110
\lineht@=\dimen111
\@envbody=\toks17
\multlinegap=\skip44
\multlinetaggap=\skip45
\mathdisplay@stack=\toks18
LaTeX Info: Redefining \[ on input line 2665.
LaTeX Info: Redefining \] on input line 2666.
)
("C:\Program Files (x86)\MiKTeX 2.9\tex\latex\amsfonts\amssymb.sty"
Package: amssymb 2013/01/14 v3.01 AMS font symbols

("C:\Program Files (x86)\MiKTeX 2.9\tex\latex\amsfonts\amsfonts.sty"
Package: amsfonts 2013/01/14 v3.01 Basic AMSFonts support
\symAMSa=\mathgroup4
\symAMSb=\mathgroup5
LaTeX Font Info:    Overwriting math alphabet `\mathfrak' in version `bold'
(Font)                  U/euf/m/n --> U/euf/b/n on input line 106.
))
("C:\Program Files (x86)\MiKTeX 2.9\tex\latex\base\latexsym.sty"
Package: latexsym 1998/08/17 v2.2e Standard LaTeX package (lasy symbols)
\symlasy=\mathgroup6
LaTeX Font Info:    Overwriting symbol font `lasy' in version `bold'
(Font)                  U/lasy/m/n --> U/lasy/b/n on input line 47.
)
("C:\Program Files (x86)\MiKTeX 2.9\tex\latex\multirow\multirow.sty"
\bigstrutjot=\dimen112
)
("C:\Program Files (x86)\MiKTeX 2.9\tex\latex\graphics\graphicx.sty"
Package: graphicx 1999/02/16 v1.0f Enhanced LaTeX Graphics (DPC,SPQR)

("C:\Program Files (x86)\MiKTeX 2.9\tex\latex\graphics\keyval.sty"
Package: keyval 1999/03/16 v1.13 key=value parser (DPC)
\KV@toks@=\toks19
)
("C:\Program Files (x86)\MiKTeX 2.9\tex\latex\graphics\graphics.sty"
Package: graphics 2009/02/05 v1.0o Standard LaTeX Graphics (DPC,SPQR)

("C:\Program Files (x86)\MiKTeX 2.9\tex\latex\graphics\trig.sty"
Package: trig 1999/03/16 v1.09 sin cos tan (DPC)
)
("C:\Program Files (x86)\MiKTeX 2.9\tex\latex\00miktex\graphics.cfg"
File: graphics.cfg 2007/01/18 v1.5 graphics configuration of teTeX/TeXLive
)
Package graphics Info: Driver file: pdftex.def on input line 91.

("C:\Program Files (x86)\MiKTeX 2.9\tex\latex\pdftex-def\pdftex.def"
File: pdftex.def 2011/05/27 v0.06d Graphics/color for pdfTeX

("C:\Program Files (x86)\MiKTeX 2.9\tex\generic\oberdiek\infwarerr.sty"
Package: infwarerr 2010/04/08 v1.3 Providing info/warning/error messages (HO)
)
("C:\Program Files (x86)\MiKTeX 2.9\tex\generic\oberdiek\ltxcmds.sty"
Package: ltxcmds 2011/11/09 v1.22 LaTeX kernel commands for general use (HO)
)
\Gread@gobject=\count101
))
\Gin@req@height=\dimen113
\Gin@req@width=\dimen114
)
("C:\Program Files (x86)\MiKTeX 2.9\tex\latex\graphics\epsfig.sty"
Package: epsfig 1999/02/16 v1.7a (e)psfig emulation (SPQR)
\epsfxsize=\dimen115
\epsfysize=\dimen116
)
("C:\Program Files (x86)\MiKTeX 2.9\tex\latex\oberdiek\epstopdf.sty"
Package: epstopdf 2010/02/09 v2.5 Conversion with epstopdf on the fly (HO)

("C:\Program Files (x86)\MiKTeX 2.9\tex\latex\oberdiek\epstopdf-base.sty"
Package: epstopdf-base 2010/02/09 v2.5 Base part for package epstopdf

("C:\Program Files (x86)\MiKTeX 2.9\tex\latex\oberdiek\grfext.sty"
Package: grfext 2010/08/19 v1.1 Manage graphics extensions (HO)

("C:\Program Files (x86)\MiKTeX 2.9\tex\generic\oberdiek\kvdefinekeys.sty"
Package: kvdefinekeys 2011/04/07 v1.3 Define keys (HO)
))
("C:\Program Files (x86)\MiKTeX 2.9\tex\latex\oberdiek\kvoptions.sty"
Package: kvoptions 2011/06/30 v3.11 Key value format for package options (HO)

("C:\Program Files (x86)\MiKTeX 2.9\tex\generic\oberdiek\kvsetkeys.sty"
Package: kvsetkeys 2012/04/25 v1.16 Key value parser (HO)

("C:\Program Files (x86)\MiKTeX 2.9\tex\generic\oberdiek\etexcmds.sty"
Package: etexcmds 2011/02/16 v1.5 Avoid name clashes with e-TeX commands (HO)

("C:\Program Files (x86)\MiKTeX 2.9\tex\generic\oberdiek\ifluatex.sty"
Package: ifluatex 2010/03/01 v1.3 Provides the ifluatex switch (HO)
Package ifluatex Info: LuaTeX not detected.
)
Package etexcmds Info: Could not find \expanded.
(etexcmds)             That can mean that you are not using pdfTeX 1.50 or
(etexcmds)             that some package has redefined \expanded.
(etexcmds)             In the latter case, load this package earlier.
)))
("C:\Program Files (x86)\MiKTeX 2.9\tex\generic\oberdiek\pdftexcmds.sty"
Package: pdftexcmds 2011/11/29 v0.20 Utility functions of pdfTeX for LuaTeX (HO
)

("C:\Program Files (x86)\MiKTeX 2.9\tex\generic\oberdiek\ifpdf.sty"
Package: ifpdf 2011/01/30 v2.3 Provides the ifpdf switch (HO)
Package ifpdf Info: pdfTeX in PDF mode is detected.
)
Package pdftexcmds Info: LuaTeX not detected.
Package pdftexcmds Info: \pdf@primitive is available.
Package pdftexcmds Info: \pdf@ifprimitive is available.
Package pdftexcmds Info: \pdfdraftmode found.
)
Package grfext Info: Graphics extension search list:
(grfext)             [.png,.pdf,.jpg,.mps,.jpeg,.jbig2,.jb2,.PNG,.PDF,.JPG,.JPE
G,.JBIG2,.JB2,.eps]
(grfext)             \AppendGraphicsExtensions on input line 452.
))
("C:\Program Files (x86)\MiKTeX 2.9\tex\latex\graphics\color.sty"
Package: color 2005/11/14 v1.0j Standard LaTeX Color (DPC)

("C:\Program Files (x86)\MiKTeX 2.9\tex\latex\00miktex\color.cfg"
File: color.cfg 2007/01/18 v1.5 color configuration of teTeX/TeXLive
)
Package color Info: Driver file: pdftex.def on input line 130.
)
("C:\Users\Francesco\Documents\BMC version-12-02-2013\algorithm2e.sty"
Package: algorithm2e 2008/00/00 v3.10 algorithms environments
\c@AlgoLine=\count102

("C:\Program Files (x86)\MiKTeX 2.9\tex\latex\base\ifthen.sty"
Package: ifthen 2001/05/26 v1.1c Standard LaTeX ifthen package (DPC)
)
("C:\Program Files (x86)\MiKTeX 2.9\tex\latex\tools\xspace.sty"
Package: xspace 2009/10/20 v1.13 Space after command names (DPC,MH)
)
("C:\Program Files (x86)\MiKTeX 2.9\tex\latex\ltxmisc\relsize.sty"
Package: relsize 2003/07/04 ver 3.1
)
********************************************************
Package `algorithm2e' Release 4.01 -- december 14 2009 --
- algorithm2e-announce@lirmm.fr mailing list for announcement about releases
- algorithm2e-discussion@lirmm.fr mailing list for discussion about package
subscribe by emailing sympa@lirmm.fr with 'subscribe <list> <firstname name>'
- Author: Christophe Fiorio (fiorio@lirmm.fr)
********************************************************
\skiptotal=\skip46
\skiplinenumber=\skip47
\skiprule=\skip48
\skiphlne=\skip49
\skiptext=\skip50
\skiplength=\skip51
\algomargin=\skip52
\skipalgocfslide=\skip53
\algowidth=\dimen117
\inoutsize=\dimen118
\inoutline=\dimen119
\interspacetitleruled=\dimen120
\interspacealgoruled=\dimen121
\interspacetitleboxruled=\dimen122
\algocf@inoutbox=\box28
\algocf@inputbox=\box29
\AlCapSkip=\skip54
\AlCapHSkip=\skip55
\algocf@nlbox=\box30
\algocf@hangingbox=\box31
\algocf@capbox=\box32
\algoheightruledefault=\skip56
\algoheightrule=\skip57
\algotitleheightruledefault=\skip58
\algotitleheightrule=\skip59
\c@algocfline=\count103
\c@algocfproc=\count104
\c@algocf=\count105
\algocf@algoframe=\box33
\algocf@algobox=\box34
) (C:\Users\Francesco\AppData\Roaming\MiKTeX\2.9\tex\latex\cite\cite.sty
LaTeX Info: Redefining \cite on input line 302.
LaTeX Info: Redefining \nocite on input line 332.
Package: cite 2015/02/27  v 5.5
)
(C:\Users\Francesco\AppData\Roaming\MiKTeX\2.9\tex\latex\url\url.sty
\Urlmuskip=\muskip11
Package: url 2013/09/16  ver 3.4  Verb mode for urls, etc.
)
("C:\Program Files (x86)\MiKTeX 2.9\tex\latex\tools\multicol.sty"
Package: multicol 2011/06/27 v1.7a multicolumn formatting (FMi)
\c@tracingmulticols=\count106
\mult@box=\box35
\multicol@leftmargin=\dimen123
\c@unbalance=\count107
\c@collectmore=\count108
\doublecol@number=\count109
\multicoltolerance=\count110
\multicolpretolerance=\count111
\full@width=\dimen124
\page@free=\dimen125
\premulticols=\dimen126
\postmulticols=\dimen127
\multicolsep=\skip60
\multicolbaselineskip=\skip61
\partial@page=\box36
\last@line=\box37
\mult@rightbox=\box38
\mult@grightbox=\box39
\mult@gfirstbox=\box40
\mult@firstbox=\box41
\@tempa=\box42
\@tempa=\box43
\@tempa=\box44
\@tempa=\box45
\@tempa=\box46
\@tempa=\box47
\@tempa=\box48
\@tempa=\box49
\@tempa=\box50
\@tempa=\box51
\@tempa=\box52
\@tempa=\box53
\@tempa=\box54
\@tempa=\box55
\@tempa=\box56
\@tempa=\box57
\@tempa=\box58
\c@columnbadness=\count112
\c@finalcolumnbadness=\count113
\last@try=\dimen128
\multicolovershoot=\dimen129
\multicolundershoot=\dimen130
\mult@nat@firstbox=\box59
\colbreak@box=\box60
\multicol@sort@counter=\count114
)
("C:\Program Files (x86)\MiKTeX 2.9\tex\latex\base\inputenc.sty"
Package: inputenc 2008/03/30 v1.1d Input encoding file
\inpenc@prehook=\toks20
\inpenc@posthook=\toks21

("C:\Program Files (x86)\MiKTeX 2.9\tex\latex\base\utf8.def"
File: utf8.def 2008/04/05 v1.1m UTF-8 support for inputenc
Now handling font encoding OML ...
... no UTF-8 mapping file for font encoding OML
Now handling font encoding T1 ...
... processing UTF-8 mapping file for font encoding T1

("C:\Program Files (x86)\MiKTeX 2.9\tex\latex\base\t1enc.dfu"
File: t1enc.dfu 2008/04/05 v1.1m UTF-8 support for inputenc
   defining Unicode char U+00A1 (decimal 161)
   defining Unicode char U+00A3 (decimal 163)
   defining Unicode char U+00AB (decimal 171)
   defining Unicode char U+00BB (decimal 187)
   defining Unicode char U+00BF (decimal 191)
   defining Unicode char U+00C0 (decimal 192)
   defining Unicode char U+00C1 (decimal 193)
   defining Unicode char U+00C2 (decimal 194)
   defining Unicode char U+00C3 (decimal 195)
   defining Unicode char U+00C4 (decimal 196)
   defining Unicode char U+00C5 (decimal 197)
   defining Unicode char U+00C6 (decimal 198)
   defining Unicode char U+00C7 (decimal 199)
   defining Unicode char U+00C8 (decimal 200)
   defining Unicode char U+00C9 (decimal 201)
   defining Unicode char U+00CA (decimal 202)
   defining Unicode char U+00CB (decimal 203)
   defining Unicode char U+00CC (decimal 204)
   defining Unicode char U+00CD (decimal 205)
   defining Unicode char U+00CE (decimal 206)
   defining Unicode char U+00CF (decimal 207)
   defining Unicode char U+00D0 (decimal 208)
   defining Unicode char U+00D1 (decimal 209)
   defining Unicode char U+00D2 (decimal 210)
   defining Unicode char U+00D3 (decimal 211)
   defining Unicode char U+00D4 (decimal 212)
   defining Unicode char U+00D5 (decimal 213)
   defining Unicode char U+00D6 (decimal 214)
   defining Unicode char U+00D8 (decimal 216)
   defining Unicode char U+00D9 (decimal 217)
   defining Unicode char U+00DA (decimal 218)
   defining Unicode char U+00DB (decimal 219)
   defining Unicode char U+00DC (decimal 220)
   defining Unicode char U+00DD (decimal 221)
   defining Unicode char U+00DE (decimal 222)
   defining Unicode char U+00DF (decimal 223)
   defining Unicode char U+00E0 (decimal 224)
   defining Unicode char U+00E1 (decimal 225)
   defining Unicode char U+00E2 (decimal 226)
   defining Unicode char U+00E3 (decimal 227)
   defining Unicode char U+00E4 (decimal 228)
   defining Unicode char U+00E5 (decimal 229)
   defining Unicode char U+00E6 (decimal 230)
   defining Unicode char U+00E7 (decimal 231)
   defining Unicode char U+00E8 (decimal 232)
   defining Unicode char U+00E9 (decimal 233)
   defining Unicode char U+00EA (decimal 234)
   defining Unicode char U+00EB (decimal 235)
   defining Unicode char U+00EC (decimal 236)
   defining Unicode char U+00ED (decimal 237)
   defining Unicode char U+00EE (decimal 238)
   defining Unicode char U+00EF (decimal 239)
   defining Unicode char U+00F0 (decimal 240)
   defining Unicode char U+00F1 (decimal 241)
   defining Unicode char U+00F2 (decimal 242)
   defining Unicode char U+00F3 (decimal 243)
   defining Unicode char U+00F4 (decimal 244)
   defining Unicode char U+00F5 (decimal 245)
   defining Unicode char U+00F6 (decimal 246)
   defining Unicode char U+00F8 (decimal 248)
   defining Unicode char U+00F9 (decimal 249)
   defining Unicode char U+00FA (decimal 250)
   defining Unicode char U+00FB (decimal 251)
   defining Unicode char U+00FC (decimal 252)
   defining Unicode char U+00FD (decimal 253)
   defining Unicode char U+00FE (decimal 254)
   defining Unicode char U+00FF (decimal 255)
   defining Unicode char U+0102 (decimal 258)
   defining Unicode char U+0103 (decimal 259)
   defining Unicode char U+0104 (decimal 260)
   defining Unicode char U+0105 (decimal 261)
   defining Unicode char U+0106 (decimal 262)
   defining Unicode char U+0107 (decimal 263)
   defining Unicode char U+010C (decimal 268)
   defining Unicode char U+010D (decimal 269)
   defining Unicode char U+010E (decimal 270)
   defining Unicode char U+010F (decimal 271)
   defining Unicode char U+0110 (decimal 272)
   defining Unicode char U+0111 (decimal 273)
   defining Unicode char U+0118 (decimal 280)
   defining Unicode char U+0119 (decimal 281)
   defining Unicode char U+011A (decimal 282)
   defining Unicode char U+011B (decimal 283)
   defining Unicode char U+011E (decimal 286)
   defining Unicode char U+011F (decimal 287)
   defining Unicode char U+0130 (decimal 304)
   defining Unicode char U+0131 (decimal 305)
   defining Unicode char U+0132 (decimal 306)
   defining Unicode char U+0133 (decimal 307)
   defining Unicode char U+0139 (decimal 313)
   defining Unicode char U+013A (decimal 314)
   defining Unicode char U+013D (decimal 317)
   defining Unicode char U+013E (decimal 318)
   defining Unicode char U+0141 (decimal 321)
   defining Unicode char U+0142 (decimal 322)
   defining Unicode char U+0143 (decimal 323)
   defining Unicode char U+0144 (decimal 324)
   defining Unicode char U+0147 (decimal 327)
   defining Unicode char U+0148 (decimal 328)
   defining Unicode char U+014A (decimal 330)
   defining Unicode char U+014B (decimal 331)
   defining Unicode char U+0150 (decimal 336)
   defining Unicode char U+0151 (decimal 337)
   defining Unicode char U+0152 (decimal 338)
   defining Unicode char U+0153 (decimal 339)
   defining Unicode char U+0154 (decimal 340)
   defining Unicode char U+0155 (decimal 341)
   defining Unicode char U+0158 (decimal 344)
   defining Unicode char U+0159 (decimal 345)
   defining Unicode char U+015A (decimal 346)
   defining Unicode char U+015B (decimal 347)
   defining Unicode char U+015E (decimal 350)
   defining Unicode char U+015F (decimal 351)
   defining Unicode char U+0160 (decimal 352)
   defining Unicode char U+0161 (decimal 353)
   defining Unicode char U+0162 (decimal 354)
   defining Unicode char U+0163 (decimal 355)
   defining Unicode char U+0164 (decimal 356)
   defining Unicode char U+0165 (decimal 357)
   defining Unicode char U+016E (decimal 366)
   defining Unicode char U+016F (decimal 367)
   defining Unicode char U+0170 (decimal 368)
   defining Unicode char U+0171 (decimal 369)
   defining Unicode char U+0178 (decimal 376)
   defining Unicode char U+0179 (decimal 377)
   defining Unicode char U+017A (decimal 378)
   defining Unicode char U+017B (decimal 379)
   defining Unicode char U+017C (decimal 380)
   defining Unicode char U+017D (decimal 381)
   defining Unicode char U+017E (decimal 382)
   defining Unicode char U+200C (decimal 8204)
   defining Unicode char U+2013 (decimal 8211)
   defining Unicode char U+2014 (decimal 8212)
   defining Unicode char U+2018 (decimal 8216)
   defining Unicode char U+2019 (decimal 8217)
   defining Unicode char U+201A (decimal 8218)
   defining Unicode char U+201C (decimal 8220)
   defining Unicode char U+201D (decimal 8221)
   defining Unicode char U+201E (decimal 8222)
   defining Unicode char U+2030 (decimal 8240)
   defining Unicode char U+2031 (decimal 8241)
   defining Unicode char U+2039 (decimal 8249)
   defining Unicode char U+203A (decimal 8250)
   defining Unicode char U+2423 (decimal 9251)
)
Now handling font encoding OT1 ...
... processing UTF-8 mapping file for font encoding OT1

("C:\Program Files (x86)\MiKTeX 2.9\tex\latex\base\ot1enc.dfu"
File: ot1enc.dfu 2008/04/05 v1.1m UTF-8 support for inputenc
   defining Unicode char U+00A1 (decimal 161)
   defining Unicode char U+00A3 (decimal 163)
   defining Unicode char U+00B8 (decimal 184)
   defining Unicode char U+00BF (decimal 191)
   defining Unicode char U+00C5 (decimal 197)
   defining Unicode char U+00C6 (decimal 198)
   defining Unicode char U+00D8 (decimal 216)
   defining Unicode char U+00DF (decimal 223)
   defining Unicode char U+00E6 (decimal 230)
   defining Unicode char U+00EC (decimal 236)
   defining Unicode char U+00ED (decimal 237)
   defining Unicode char U+00EE (decimal 238)
   defining Unicode char U+00EF (decimal 239)
   defining Unicode char U+00F8 (decimal 248)
   defining Unicode char U+0131 (decimal 305)
   defining Unicode char U+0141 (decimal 321)
   defining Unicode char U+0142 (decimal 322)
   defining Unicode char U+0152 (decimal 338)
   defining Unicode char U+0153 (decimal 339)
   defining Unicode char U+2013 (decimal 8211)
   defining Unicode char U+2014 (decimal 8212)
   defining Unicode char U+2018 (decimal 8216)
   defining Unicode char U+2019 (decimal 8217)
   defining Unicode char U+201C (decimal 8220)
   defining Unicode char U+201D (decimal 8221)
)
Now handling font encoding OMS ...
... processing UTF-8 mapping file for font encoding OMS

("C:\Program Files (x86)\MiKTeX 2.9\tex\latex\base\omsenc.dfu"
File: omsenc.dfu 2008/04/05 v1.1m UTF-8 support for inputenc
   defining Unicode char U+00A7 (decimal 167)
   defining Unicode char U+00B6 (decimal 182)
   defining Unicode char U+00B7 (decimal 183)
   defining Unicode char U+2020 (decimal 8224)
   defining Unicode char U+2021 (decimal 8225)
   defining Unicode char U+2022 (decimal 8226)
)
Now handling font encoding OMX ...
... no UTF-8 mapping file for font encoding OMX
Now handling font encoding U ...
... no UTF-8 mapping file for font encoding U
   defining Unicode char U+00A9 (decimal 169)
   defining Unicode char U+00AA (decimal 170)
   defining Unicode char U+00AE (decimal 174)
   defining Unicode char U+00BA (decimal 186)
   defining Unicode char U+02C6 (decimal 710)
   defining Unicode char U+02DC (decimal 732)
   defining Unicode char U+200C (decimal 8204)
   defining Unicode char U+2026 (decimal 8230)
   defining Unicode char U+2122 (decimal 8482)
   defining Unicode char U+2423 (decimal 9251)
))
("C:\Users\Francesco\Documents\BMC version-12-02-2013\coagulation.aux"

LaTeX Warning: Label `sec:uq' multiply defined.

)
LaTeX Font Info:    Checking defaults for OML/cmm/m/it on input line 98.
LaTeX Font Info:    ... okay on input line 98.
LaTeX Font Info:    Checking defaults for T1/cmr/m/n on input line 98.
LaTeX Font Info:    ... okay on input line 98.
LaTeX Font Info:    Checking defaults for OT1/cmr/m/n on input line 98.
LaTeX Font Info:    ... okay on input line 98.
LaTeX Font Info:    Checking defaults for OMS/cmsy/m/n on input line 98.
LaTeX Font Info:    ... okay on input line 98.
LaTeX Font Info:    Checking defaults for OMX/cmex/m/n on input line 98.
LaTeX Font Info:    ... okay on input line 98.
LaTeX Font Info:    Checking defaults for U/cmr/m/n on input line 98.
LaTeX Font Info:    ... okay on input line 98.
 (C:\Users\Francesco\AppData\Roaming\MiKTeX\2.9\tex\context\base\supp-pdf.mkii
[Loading MPS to PDF converter (version 2006.09.02).]
\scratchcounter=\count115
\scratchdimen=\dimen131
\scratchbox=\box61
\nofMPsegments=\count116
\nofMParguments=\count117
\everyMPshowfont=\toks22
\MPscratchCnt=\count118
\MPscratchDim=\dimen132
\MPnumerator=\count119
\makeMPintoPDFobject=\count120
\everyMPtoPDFconversion=\toks23
)
LaTeX Font Info:    Try loading font information for U+msa on input line 156.
 ("C:\Program Files (x86)\MiKTeX 2.9\tex\latex\amsfonts\umsa.fd"
File: umsa.fd 2013/01/14 v3.01 AMS symbols A
)
LaTeX Font Info:    Try loading font information for U+msb on input line 156.

("C:\Program Files (x86)\MiKTeX 2.9\tex\latex\amsfonts\umsb.fd"
File: umsb.fd 2013/01/14 v3.01 AMS symbols B
)
LaTeX Font Info:    Try loading font information for U+lasy on input line 156.

("C:\Program Files (x86)\MiKTeX 2.9\tex\latex\base\ulasy.fd"
File: ulasy.fd 1998/08/17 v2.2e LaTeX symbol font definitions
)
Overfull \hbox (9.99998pt too wide) in paragraph at lines 156--156
[]  
 []

("C:\Users\Francesco\Documents\BMC version-12-02-2013\sections/Abstract.tex")
[1

{C:/Users/Francesco/AppData/Local/MiKTeX/2.9/pdftex/config/pdftex.map}]
("C:\Users\Francesco\Documents\BMC version-12-02-2013\sections/Introduction.tex
" [2])
("C:\Users\Francesco\Documents\BMC version-12-02-2013\sections/Background.tex"
[3] [4])
("C:\Users\Francesco\Documents\BMC version-12-02-2013\sections/Results.tex"
Overfull \hbox (15.0pt too wide) detected at line 30
[][] 
 []

[5] [6] [7] [8] [9] [10] [11])
("C:\Users\Francesco\Documents\BMC version-12-02-2013\sections/Discussions.tex"
[12] [13]
LaTeX Font Info:    Try loading font information for OMS+cmr on input line 57.
 ("C:\Program Files (x86)\MiKTeX 2.9\tex\latex\base\omscmr.fd"
File: omscmr.fd 1999/05/25 v2.5h Standard LaTeX font definitions
)
LaTeX Font Info:    Font shape `OMS/cmr/m/n' in size <10> not available
(Font)              Font shape `OMS/cmsy/m/n' tried instead on input line 57.

Overfull \hbox (15.0pt too wide) detected at line 83
[][] 
 []

[14]) ("C:\Users\Francesco\Documents\BMC version-12-02-2013\sections/Methods.te
x" [15] [16] [17]
LaTeX Font Info:    Font shape `U/lasy/b/n' in size <7> not available
(Font)              Font shape `U/lasy/m/n' tried instead on input line 150.
LaTeX Font Info:    Font shape `U/lasy/b/n' in size <5> not available
(Font)              Font shape `U/lasy/m/n' tried instead on input line 150.
 [18] [19]
Overfull \hbox (4.92279pt too wide) in alignment at lines 238--253
 [][][] []
 []

[20]

LaTeX Warning: Command \textunderscore invalid in math mode on input line 308.


LaTeX Warning: Command \textunderscore invalid in math mode on input line 318.


LaTeX Warning: Command \textunderscore invalid in math mode on input line 324.


LaTeX Warning: Command \textunderscore invalid in math mode on input line 324.


LaTeX Warning: Command \textunderscore invalid in math mode on input line 326.


LaTeX Warning: Command \textunderscore invalid in math mode on input line 327.

) [21] [22] [23]
("C:\Users\Francesco\Documents\BMC version-12-02-2013\sections/bib.tex"
[24] [25] [26] [27] [28]
Underfull \hbox (badness 10000) in paragraph at lines 354--358
[]\OT1/cmr/m/n/10 C. Tong  The PSUADE Un-cer-tainty Quan-tifi-ca-tion Project. 
Avial-able at
 []

[29]) ("C:\Users\Francesco\Documents\BMC version-12-02-2013\sections/Tables.tex
"
Overfull \hbox (2.24446pt too wide) in paragraph at lines 10--20
 [] 
 []


Overfull \hbox (39.75267pt too wide) in paragraph at lines 148--170
 [] 
 []

) [30] [31] [32] [33]
("C:\Users\Francesco\Documents\BMC version-12-02-2013\sections/Figures.tex"
Package epstopdf Info: Source file: <figures/Dia.eps>
(epstopdf)                    date: 2013-05-23 17:52:28
(epstopdf)                    size: 240500 bytes
(epstopdf)             Output file: <figures/Dia-eps-converted-to.pdf>
(epstopdf)                    date: 2015-06-07 08:59:27
(epstopdf)                    size: 41413 bytes
(epstopdf)             Command: <epstopdf --outfile=figures/Dia-eps-converted-t
o.pdf figures/Dia.eps>
(epstopdf)             \includegraphics on input line 6.
Package epstopdf Info: Output file is already uptodate.

<figures/Dia-eps-converted-to.pdf, id=132, 957.5775pt x 471.7625pt>
File: figures/Dia-eps-converted-to.pdf Graphic file (type pdf)

<use figures/Dia-eps-converted-to.pdf>
Package pdftex.def Info: figures/Dia-eps-converted-to.pdf used on input line 6.

(pdftex.def)             Requested size: 289.07268pt x 144.5388pt.
Package epstopdf Info: Source file: <figures/NSA.eps>
(epstopdf)                    date: 2012-06-23 21:18:06
(epstopdf)                    size: 55427 bytes
(epstopdf)             Output file: <figures/NSA-eps-converted-to.pdf>
(epstopdf)                    date: 2015-06-07 08:59:28
(epstopdf)                    size: 56987 bytes
(epstopdf)             Command: <epstopdf --outfile=figures/NSA-eps-converted-t
o.pdf figures/NSA.eps>
(epstopdf)             \includegraphics on input line 16.
Package epstopdf Info: Output file is already uptodate.

<figures/NSA-eps-converted-to.pdf, id=133, 847.165pt x 431.6125pt>
File: figures/NSA-eps-converted-to.pdf Graphic file (type pdf)

<use figures/NSA-eps-converted-to.pdf>
Package pdftex.def Info: figures/NSA-eps-converted-to.pdf used on input line 16
.
(pdftex.def)             Requested size: 289.07935pt x 216.80676pt.
 [34 <C:/Users/Francesco/Documents/BMC version-12-02-2013/figures/Dia-eps-conve
rted-to.pdf> <C:/Users/Francesco/Documents/BMC version-12-02-2013/figures/NSA-e
ps-converted-to.pdf>]
Package epstopdf Info: Source file: <figures/mean1.eps>
(epstopdf)                    date: 2012-01-18 01:34:08
(epstopdf)                    size: 16401 bytes
(epstopdf)             Output file: <figures/mean1-eps-converted-to.pdf>
(epstopdf)                    date: 2015-06-07 08:59:29
(epstopdf)                    size: 4997 bytes
(epstopdf)             Command: <epstopdf --outfile=figures/mean1-eps-converted
-to.pdf figures/mean1.eps>
(epstopdf)             \includegraphics on input line 38.
Package epstopdf Info: Output file is already uptodate.

<figures/mean1-eps-converted-to.pdf, id=146, 963.6pt x 524.96124pt>
File: figures/mean1-eps-converted-to.pdf Graphic file (type pdf)

<use figures/mean1-eps-converted-to.pdf>
Package pdftex.def Info: figures/mean1-eps-converted-to.pdf used on input line 
38.
(pdftex.def)             Requested size: 361.34999pt x 196.85999pt.
Package epstopdf Info: Source file: <figures/std.eps>
(epstopdf)                    date: 2012-01-18 01:41:02
(epstopdf)                    size: 12060 bytes
(epstopdf)             Output file: <figures/std-eps-converted-to.pdf>
(epstopdf)                    date: 2015-06-07 08:59:30
(epstopdf)                    size: 4239 bytes
(epstopdf)             Command: <epstopdf --outfile=figures/std-eps-converted-t
o.pdf figures/std.eps>
(epstopdf)             \includegraphics on input line 48.
Package epstopdf Info: Output file is already uptodate.

<figures/std-eps-converted-to.pdf, id=147, 963.6pt x 524.96124pt>
File: figures/std-eps-converted-to.pdf Graphic file (type pdf)

<use figures/std-eps-converted-to.pdf>
Package pdftex.def Info: figures/std-eps-converted-to.pdf used on input line 48
.
(pdftex.def)             Requested size: 361.34999pt x 196.85999pt.
Package epstopdf Info: Source file: <figures/nsarb33.eps>
(epstopdf)                    date: 2012-06-23 22:21:26
(epstopdf)                    size: 82811 bytes
(epstopdf)             Output file: <figures/nsarb33-eps-converted-to.pdf>
(epstopdf)                    date: 2015-06-07 08:59:30
(epstopdf)                    size: 66995 bytes
(epstopdf)             Command: <epstopdf --outfile=figures/nsarb33-eps-convert
ed-to.pdf figures/nsarb33.eps>
(epstopdf)             \includegraphics on input line 64.
Package epstopdf Info: Output file is already uptodate.

<figures/nsarb33-eps-converted-to.pdf, id=148, 926.46124pt x 427.5975pt>
File: figures/nsarb33-eps-converted-to.pdf Graphic file (type pdf)

<use figures/nsarb33-eps-converted-to.pdf>
Package pdftex.def Info: figures/nsarb33-eps-converted-to.pdf used on input lin
e 64.
(pdftex.def)             Requested size: 361.3467pt x 180.6728pt.
Package epstopdf Info: Source file: <figures/nsaic.eps>
(epstopdf)                    date: 2012-06-23 22:36:46
(epstopdf)                    size: 26233 bytes
(epstopdf)             Output file: <figures/nsaic-eps-converted-to.pdf>
(epstopdf)                    date: 2015-06-07 08:59:31
(epstopdf)                    size: 17018 bytes
(epstopdf)             Command: <epstopdf --outfile=figures/nsaic-eps-converted
-to.pdf figures/nsaic.eps>
(epstopdf)             \includegraphics on input line 73.
Package epstopdf Info: Output file is already uptodate.

<figures/nsaic-eps-converted-to.pdf, id=149, 810.02625pt x 494.84875pt>
File: figures/nsaic-eps-converted-to.pdf Graphic file (type pdf)

<use figures/nsaic-eps-converted-to.pdf>
Package pdftex.def Info: figures/nsaic-eps-converted-to.pdf used on input line 
73.
(pdftex.def)             Requested size: 289.07999pt x 176.60506pt.
Package epstopdf Info: Source file: <figures/comp.eps>
(epstopdf)                    date: 2012-02-27 17:35:00
(epstopdf)                    size: 112269 bytes
(epstopdf)             Output file: <figures/comp-eps-converted-to.pdf>
(epstopdf)                    date: 2015-06-07 08:59:32
(epstopdf)                    size: 33373 bytes
(epstopdf)             Command: <epstopdf --outfile=figures/comp-eps-converted-
to.pdf figures/comp.eps>
(epstopdf)             \includegraphics on input line 89.
Package epstopdf Info: Output file is already uptodate.

<figures/comp-eps-converted-to.pdf, id=150, 1155.31625pt x 852.18375pt>
File: figures/comp-eps-converted-to.pdf Graphic file (type pdf)

<use figures/comp-eps-converted-to.pdf>
Package pdftex.def Info: figures/comp-eps-converted-to.pdf used on input line 8
9.
(pdftex.def)             Requested size: 361.34999pt x 266.52782pt.
Package epstopdf Info: Source file: <figures/steady.eps>
(epstopdf)                    date: 2012-01-13 00:34:44
(epstopdf)                    size: 10190 bytes
(epstopdf)             Output file: <figures/steady-eps-converted-to.pdf>
(epstopdf)                    date: 2015-06-07 08:59:33
(epstopdf)                    size: 4244 bytes
(epstopdf)             Command: <epstopdf --outfile=figures/steady-eps-converte
d-to.pdf figures/steady.eps>
(epstopdf)             \includegraphics on input line 97.
Package epstopdf Info: Output file is already uptodate.

<figures/steady-eps-converted-to.pdf, id=151, 963.6pt x 506.89375pt>
File: figures/steady-eps-converted-to.pdf Graphic file (type pdf)

<use figures/steady-eps-converted-to.pdf>
Package pdftex.def Info: figures/steady-eps-converted-to.pdf used on input line
 97.
(pdftex.def)             Requested size: 361.34999pt x 190.08469pt.
Package epstopdf Info: Source file: <figures/mean.eps>
(epstopdf)                    date: 2012-01-24 02:43:58
(epstopdf)                    size: 39699 bytes
(epstopdf)             Output file: <figures/mean-eps-converted-to.pdf>
(epstopdf)                    date: 2015-06-07 08:59:33
(epstopdf)                    size: 13780 bytes
(epstopdf)             Command: <epstopdf --outfile=figures/mean-eps-converted-
to.pdf figures/mean.eps>
(epstopdf)             \includegraphics on input line 108.
Package epstopdf Info: Output file is already uptodate.

<figures/mean-eps-converted-to.pdf, id=152, 963.6pt x 524.96124pt>
File: figures/mean-eps-converted-to.pdf Graphic file (type pdf)

<use figures/mean-eps-converted-to.pdf>
Package pdftex.def Info: figures/mean-eps-converted-to.pdf used on input line 1
08.
(pdftex.def)             Requested size: 361.34999pt x 196.85999pt.
Package epstopdf Info: Source file: <figures/F89.eps>
(epstopdf)                    date: 2012-12-11 02:59:36
(epstopdf)                    size: 12707702 bytes
(epstopdf)             Output file: <figures/F89-eps-converted-to.pdf>
(epstopdf)                    date: 2015-06-07 08:59:42
(epstopdf)                    size: 32493 bytes
(epstopdf)             Command: <epstopdf --outfile=figures/F89-eps-converted-t
o.pdf figures/F89.eps>
(epstopdf)             \includegraphics on input line 114.
Package epstopdf Info: Output file is already uptodate.

<figures/F89-eps-converted-to.pdf, id=153, 868.24374pt x 471.7625pt>
File: figures/F89-eps-converted-to.pdf Graphic file (type pdf)

<use figures/F89-eps-converted-to.pdf>
Package pdftex.def Info: figures/F89-eps-converted-to.pdf used on input line 11
4.
(pdftex.def)             Requested size: 361.34999pt x 196.33926pt.
Package epstopdf Info: Source file: <figures/F89hist.eps>
(epstopdf)                    date: 2012-12-11 02:53:16
(epstopdf)                    size: 45757 bytes
(epstopdf)             Output file: <figures/F89hist-eps-converted-to.pdf>
(epstopdf)                    date: 2015-06-07 08:59:42
(epstopdf)                    size: 6765 bytes
(epstopdf)             Command: <epstopdf --outfile=figures/F89hist-eps-convert
ed-to.pdf figures/F89hist.eps>
(epstopdf)             \includegraphics on input line 131.
Package epstopdf Info: Output file is already uptodate.

<figures/F89hist-eps-converted-to.pdf, id=154, 892.33376pt x 527.9725pt>
File: figures/F89hist-eps-converted-to.pdf Graphic file (type pdf)

<use figures/F89hist-eps-converted-to.pdf>
Package pdftex.def Info: figures/F89hist-eps-converted-to.pdf used on input lin
e 131.
(pdftex.def)             Requested size: 361.34999pt x 213.80351pt.
Package epstopdf Info: Source file: <figures/rv.eps>
(epstopdf)                    date: 2012-04-20 14:06:00
(epstopdf)                    size: 18125 bytes
(epstopdf)             Output file: <figures/rv-eps-converted-to.pdf>
(epstopdf)                    date: 2015-06-07 08:59:43
(epstopdf)                    size: 4896 bytes
(epstopdf)             Command: <epstopdf --outfile=figures/rv-eps-converted-to
.pdf figures/rv.eps>
(epstopdf)             \includegraphics on input line 136.
Package epstopdf Info: Output file is already uptodate.

<figures/rv-eps-converted-to.pdf, id=155, 1155.31625pt x 852.18375pt>
File: figures/rv-eps-converted-to.pdf Graphic file (type pdf)

<use figures/rv-eps-converted-to.pdf>
Package pdftex.def Info: figures/rv-eps-converted-to.pdf used on input line 136
.
(pdftex.def)             Requested size: 361.33513pt x 216.80334pt.
 [35 <C:/Users/Francesco/Documents/BMC version-12-02-2013/figures/mean1-eps-con
verted-to.pdf> <C:/Users/Francesco/Documents/BMC version-12-02-2013/figures/std
-eps-converted-to.pdf>] [36 <C:/Users/Francesco/Documents/BMC version-12-02-201
3/figures/nsarb33-eps-converted-to.pdf> <C:/Users/Francesco/Documents/BMC versi
on-12-02-2013/figures/nsaic-eps-converted-to.pdf>] [37 <C:/Users/Francesco/Docu
ments/BMC version-12-02-2013/figures/comp-eps-converted-to.pdf> <C:/Users/Franc
esco/Documents/BMC version-12-02-2013/figures/steady-eps-converted-to.pdf>] [38
 <C:/Users/Francesco/Documents/BMC version-12-02-2013/figures/mean-eps-converte
d-to.pdf> <C:/Users/Francesco/Documents/BMC version-12-02-2013/figures/F89-eps-
converted-to.pdf>] [39 <C:/Users/Francesco/Documents/BMC version-12-02-2013/fig
ures/F89hist-eps-converted-to.pdf> <C:/Users/Francesco/Documents/BMC version-12
-02-2013/figures/rv-eps-converted-to.pdf>]
Package epstopdf Info: Source file: <figures/F89m.eps>
(epstopdf)                    date: 2012-12-11 03:08:48
(epstopdf)                    size: 13155306 bytes
(epstopdf)             Output file: <figures/F89m-eps-converted-to.pdf>
(epstopdf)                    date: 2015-06-07 08:59:52
(epstopdf)                    size: 60689 bytes
(epstopdf)             Command: <epstopdf --outfile=figures/F89m-eps-converted-
to.pdf figures/F89m.eps>
(epstopdf)             \includegraphics on input line 150.
Package epstopdf Info: Output file is already uptodate.
<figures/F89m-eps-converted-to.pdf, id=225, 868.24374pt x 484.81125pt>
File: figures/F89m-eps-converted-to.pdf Graphic file (type pdf)

<use figures/F89m-eps-converted-to.pdf>
Package pdftex.def Info: figures/F89m-eps-converted-to.pdf used on input line 1
50.
(pdftex.def)             Requested size: 361.34999pt x 201.76993pt.
Package epstopdf Info: Source file: <figures/F89mhist.eps>
(epstopdf)                    date: 2012-12-11 03:05:38
(epstopdf)                    size: 46708 bytes
(epstopdf)             Output file: <figures/F89mhist-eps-converted-to.pdf>
(epstopdf)                    date: 2015-06-07 08:59:52
(epstopdf)                    size: 6795 bytes
(epstopdf)             Command: <epstopdf --outfile=figures/F89mhist-eps-conver
ted-to.pdf figures/F89mhist.eps>
(epstopdf)             \includegraphics on input line 157.
Package epstopdf Info: Output file is already uptodate.

<figures/F89mhist-eps-converted-to.pdf, id=226, 892.33376pt x 527.9725pt>
File: figures/F89mhist-eps-converted-to.pdf Graphic file (type pdf)

<use figures/F89mhist-eps-converted-to.pdf>
Package pdftex.def Info: figures/F89mhist-eps-converted-to.pdf used on input li
ne 157.
(pdftex.def)             Requested size: 361.34999pt x 213.80351pt.
Package epstopdf Info: Source file: <figures/NSAD.eps>
(epstopdf)                    date: 2012-06-23 21:11:00
(epstopdf)                    size: 32154 bytes
(epstopdf)             Output file: <figures/NSAD-eps-converted-to.pdf>
(epstopdf)                    date: 2015-06-07 08:59:53
(epstopdf)                    size: 14616 bytes
(epstopdf)             Command: <epstopdf --outfile=figures/NSAD-eps-converted-
to.pdf figures/NSAD.eps>
(epstopdf)             \includegraphics on input line 168.
Package epstopdf Info: Output file is already uptodate.

<figures/NSAD-eps-converted-to.pdf, id=227, 847.165pt x 446.66875pt>
File: figures/NSAD-eps-converted-to.pdf Graphic file (type pdf)

<use figures/NSAD-eps-converted-to.pdf>
Package pdftex.def Info: figures/NSAD-eps-converted-to.pdf used on input line 1
68.
(pdftex.def)             Requested size: 361.35242pt x 252.94763pt.
)
("C:\Users\Francesco\Documents\BMC version-12-02-2013\sections/Appendix.tex")
[40 <C:/Users/Francesco/Documents/BMC version-12-02-2013/figures/F89m-eps-conve
rted-to.pdf> <C:/Users/Francesco/Documents/BMC version-12-02-2013/figures/F89mh
ist-eps-converted-to.pdf>] [41 <C:/Users/Francesco/Documents/BMC version-12-02-
2013/figures/NSAD-eps-converted-to.pdf>] [42]
("C:\Users\Francesco\Documents\BMC version-12-02-2013\sections/AppendixB.tex")
("C:\Users\Francesco\Documents\BMC version-12-02-2013\sections/AppendixC.tex"
[43




] [44] [45] [46] [47]) [48

]
("C:\Users\Francesco\Documents\BMC version-12-02-2013\coagulation.aux")

LaTeX Warning: There were multiply-defined labels.

 ) 
Here is how much of TeX's memory you used:
 4413 strings out of 493921
 60901 string characters out of 3144865
 168280 words of memory out of 3000000
 7543 multiletter control sequences out of 15000+200000
 16595 words of font info for 66 fonts, out of 3000000 for 9000
 841 hyphenation exceptions out of 8191
 42i,20n,26p,933b,443s stack positions out of 5000i,500n,10000p,200000b,50000s
<C:/Program Files (x86)/MiKTeX 2.9/fonts/type1/public/amsfonts/cm/cmbx10.pfb>
<C:/Program Files (x86)/MiKTeX 2.9/fonts/type1/public/amsfonts/cm/cmbx7.pfb><C:
/Program Files (x86)/MiKTeX 2.9/fonts/type1/public/amsfonts/cm/cmbxti10.pfb><C:
/Program Files (x86)/MiKTeX 2.9/fonts/type1/public/amsfonts/cm/cmex10.pfb><C:/P
rogram Files (x86)/MiKTeX 2.9/fonts/type1/public/amsfonts/cm/cmmi10.pfb><C:/Pro
gram Files (x86)/MiKTeX 2.9/fonts/type1/public/amsfonts/cm/cmmi5.pfb><C:/Progra
m Files (x86)/MiKTeX 2.9/fonts/type1/public/amsfonts/cm/cmmi7.pfb><C:/Program F
iles (x86)/MiKTeX 2.9/fonts/type1/public/amsfonts/cm/cmmi8.pfb><C:/Program File
s (x86)/MiKTeX 2.9/fonts/type1/public/amsfonts/cm/cmmib10.pfb><C:/Program Files
 (x86)/MiKTeX 2.9/fonts/type1/public/amsfonts/cm/cmr10.pfb><C:/Program Files (x
86)/MiKTeX 2.9/fonts/type1/public/amsfonts/cm/cmr5.pfb><C:/Program Files (x86)/
MiKTeX 2.9/fonts/type1/public/amsfonts/cm/cmr6.pfb><C:/Program Files (x86)/MiKT
eX 2.9/fonts/type1/public/amsfonts/cm/cmr7.pfb><C:/Program Files (x86)/MiKTeX 2
.9/fonts/type1/public/amsfonts/cm/cmr8.pfb><C:/Program Files (x86)/MiKTeX 2.9/f
onts/type1/public/amsfonts/cm/cmss10.pfb><C:/Program Files (x86)/MiKTeX 2.9/fon
ts/type1/public/amsfonts/cm/cmss12.pfb><C:/Program Files (x86)/MiKTeX 2.9/fonts
/type1/public/amsfonts/cm/cmss8.pfb><C:/Program Files (x86)/MiKTeX 2.9/fonts/ty
pe1/public/amsfonts/cm/cmssbx10.pfb><C:/Program Files (x86)/MiKTeX 2.9/fonts/ty
pe1/public/amsfonts/cm/cmsy10.pfb><C:/Program Files (x86)/MiKTeX 2.9/fonts/type
1/public/amsfonts/cm/cmsy5.pfb><C:/Program Files (x86)/MiKTeX 2.9/fonts/type1/p
ublic/amsfonts/cm/cmsy6.pfb><C:/Program Files (x86)/MiKTeX 2.9/fonts/type1/publ
ic/amsfonts/cm/cmsy7.pfb><C:/Program Files (x86)/MiKTeX 2.9/fonts/type1/public/
amsfonts/cm/cmsy8.pfb><C:/Program Files (x86)/MiKTeX 2.9/fonts/type1/public/ams
fonts/cm/cmti10.pfb><C:/Program Files (x86)/MiKTeX 2.9/fonts/type1/public/amsfo
nts/symbols/msbm10.pfb><C:/Program Files (x86)/MiKTeX 2.9/fonts/type1/public/am
sfonts/symbols/msbm7.pfb>
Output written on coagulation.pdf (48 pages, 752944 bytes).
PDF statistics:
 364 PDF objects out of 1000 (max. 8388607)
 0 named destinations out of 1000 (max. 500000)
 76 words of extra memory for PDF output out of 10000 (max. 10000000)

