bmc_article.cls
ctextemp_bmc_article.cls
algorithm2e.sty
ctextemp_algorithm2e.sty
sections/Abstract.tex
ctextemp_Abstract.tex
sections/Introduction.tex
ctextemp_Introduction.tex
sections/Background.tex
ctextemp_Background.tex
sections/Results.tex
ctextemp_Results.tex
sections/Discussions.tex
ctextemp_Discussions.tex
sections/Methods.tex
ctextemp_Methods.tex
sections/bib.tex
ctextemp_bib.tex
sections/Tables.tex
ctextemp_Tables.tex
sections/Figures
ctextemp_Figures
sections/Appendix.tex
ctextemp_Appendix.tex
sections/AppendixB.tex
ctextemp_AppendixB.tex
sections/AppendixC.tex
ctextemp_AppendixC.tex
